<?xml version="1.0" ?>
<!DOCTYPE coverage SYSTEM "http://cobertura.sourceforge.net/xml/coverage-04.dtd">
<coverage lines-valid="92" lines-covered="0" line-rate="0" branches-valid="66" branches-covered="0" branch-rate="0" timestamp="1524517905986" complexity="0" version="0.1">
  <sources>
    <source>C:\Users\dworthen\Source\Repos\ts-model</source>
  </sources>
  <packages>
    <class name="Registers.ts" filename="src\Registers.ts" line-rate="0" branch-rate="0">
      <methods>
        <method name="registerMetaData" hits="0" signature="()V">
          <lines>
            <line number="24" hits="0"/>
          </lines>
        </method>
        <method name="(anonymous_9)" hits="0" signature="()V">
          <lines>
            <line number="29" hits="0"/>
          </lines>
        </method>
        <method name="(anonymous_10)" hits="0" signature="()V">
          <lines>
            <line number="30" hits="0"/>
          </lines>
        </method>
        <method name="getMetaData" hits="0" signature="()V">
          <lines>
            <line number="38" hits="0"/>
          </lines>
        </method>
        <method name="(anonymous_12)" hits="0" signature="()V">
          <lines>
            <line number="44" hits="0"/>
          </lines>
        </method>
        <method name="registerValidator" hits="0" signature="()V">
          <lines>
            <line number="46" hits="0"/>
          </lines>
        </method>
        <method name="(anonymous_14)" hits="0" signature="()V">
          <lines>
            <line number="49" hits="0"/>
          </lines>
        </method>
        <method name="(anonymous_15)" hits="0" signature="()V">
          <lines>
            <line number="50" hits="0"/>
          </lines>
        </method>
        <method name="getValidators" hits="0" signature="()V">
          <lines>
            <line number="58" hits="0"/>
          </lines>
        </method>
        <method name="(anonymous_17)" hits="0" signature="()V">
          <lines>
            <line number="64" hits="0"/>
          </lines>
        </method>
        <method name="validate" hits="0" signature="()V">
          <lines>
            <line number="66" hits="0"/>
          </lines>
        </method>
        <method name="(anonymous_19)" hits="0" signature="()V">
          <lines>
            <line number="69" hits="0"/>
          </lines>
        </method>
        <method name="errorTemplate" hits="0" signature="()V">
          <lines>
            <line number="93" hits="0"/>
          </lines>
        </method>
        <method name="(anonymous_21)" hits="0" signature="()V">
          <lines>
            <line number="96" hits="0"/>
          </lines>
        </method>
        <method name="(anonymous_22)" hits="0" signature="()V">
          <lines>
            <line number="99" hits="0"/>
          </lines>
        </method>
        <method name="toJSON" hits="0" signature="()V">
          <lines>
            <line number="105" hits="0"/>
          </lines>
        </method>
        <method name="(anonymous_24)" hits="0" signature="()V">
          <lines>
            <line number="114" hits="0"/>
          </lines>
        </method>
        <method name="fromJSON" hits="0" signature="()V">
          <lines>
            <line number="150" hits="0"/>
          </lines>
        </method>
        <method name="(anonymous_26)" hits="0" signature="()V">
          <lines>
            <line number="161" hits="0"/>
          </lines>
        </method>
        <method name="(anonymous_27)" hits="0" signature="()V">
          <lines>
            <line number="168" hits="0"/>
          </lines>
        </method>
        <method name="(anonymous_28)" hits="0" signature="()V">
          <lines>
            <line number="178" hits="0"/>
          </lines>
        </method>
        <method name="Person" hits="0" signature="()V">
          <lines>
            <line number="194" hits="0"/>
          </lines>
        </method>
        <method name="(anonymous_30)" hits="0" signature="()V">
          <lines>
            <line number="181" hits="0"/>
          </lines>
        </method>
        <method name="(anonymous_31)" hits="0" signature="()V">
          <lines>
            <line number="199" hits="0"/>
          </lines>
        </method>
        <method name="P2" hits="0" signature="()V">
          <lines>
            <line number="204" hits="0"/>
          </lines>
        </method>
        <method name="(anonymous_33)" hits="0" signature="()V">
          <lines>
            <line number="221" hits="0"/>
          </lines>
        </method>
        <method name="(anonymous_34)" hits="0" signature="()V">
          <lines>
            <line number="209" hits="0"/>
          </lines>
        </method>
        <method name="(anonymous_35)" hits="0" signature="()V">
          <lines>
            <line number="214" hits="0"/>
          </lines>
        </method>
        <method name="(anonymous_36)" hits="0" signature="()V">
          <lines>
            <line number="226" hits="0"/>
          </lines>
        </method>
        <method name="(anonymous_37)" hits="0" signature="()V">
          <lines>
            <line number="218" hits="0"/>
          </lines>
        </method>
      </methods>
      <lines>
        <line number="3" hits="0" branch="false"/>
        <line number="4" hits="0" branch="false"/>
        <line number="29" hits="0" branch="false"/>
        <line number="30" hits="0" branch="false"/>
        <line number="31" hits="0" branch="true" condition-coverage="0% (0/2)"/>
        <line number="32" hits="0" branch="false"/>
        <line number="41" hits="0" branch="true" condition-coverage="0% (0/2)"/>
        <line number="42" hits="0" branch="true" condition-coverage="0% (0/2)"/>
        <line number="43" hits="0" branch="false"/>
        <line number="44" hits="0" branch="true" condition-coverage="0% (0/4)"/>
        <line number="49" hits="0" branch="false"/>
        <line number="50" hits="0" branch="false"/>
        <line number="51" hits="0" branch="true" condition-coverage="0% (0/2)"/>
        <line number="52" hits="0" branch="false"/>
        <line number="61" hits="0" branch="true" condition-coverage="0% (0/2)"/>
        <line number="62" hits="0" branch="true" condition-coverage="0% (0/2)"/>
        <line number="63" hits="0" branch="false"/>
        <line number="64" hits="0" branch="true" condition-coverage="0% (0/4)"/>
        <line number="69" hits="0" branch="true" condition-coverage="0% (0/2)"/>
        <line number="70" hits="0" branch="false"/>
        <line number="71" hits="0" branch="false"/>
        <line number="72" hits="0" branch="false"/>
        <line number="73" hits="0" branch="true" condition-coverage="0% (0/2)"/>
        <line number="74" hits="0" branch="false"/>
        <line number="75" hits="0" branch="true" condition-coverage="0% (0/4)"/>
        <line number="76" hits="0" branch="false"/>
        <line number="79" hits="0" branch="false"/>
        <line number="87" hits="0" branch="true" condition-coverage="0% (0/2)"/>
        <line number="88" hits="0" branch="false"/>
        <line number="90" hits="0" branch="false"/>
        <line number="92" hits="0" branch="false"/>
        <line number="95" hits="0" branch="false"/>
        <line number="96" hits="0" branch="false"/>
        <line number="98" hits="0" branch="false"/>
        <line number="99" hits="0" branch="false"/>
        <line number="100" hits="0" branch="false"/>
        <line number="101" hits="0" branch="false"/>
        <line number="103" hits="0" branch="false"/>
        <line number="108" hits="0" branch="false"/>
        <line number="109" hits="0" branch="false"/>
        <line number="110" hits="0" branch="false"/>
        <line number="112" hits="0" branch="false"/>
        <line number="114" hits="0" branch="false"/>
        <line number="115" hits="0" branch="false"/>
        <line number="118" hits="0" branch="false"/>
        <line number="120" hits="0" branch="false"/>
        <line number="121" hits="0" branch="true" condition-coverage="0% (0/2)"/>
        <line number="123" hits="0" branch="true" condition-coverage="0% (0/2)"/>
        <line number="124" hits="0" branch="false"/>
        <line number="125" hits="0" branch="false"/>
        <line number="127" hits="0" branch="true" condition-coverage="0% (0/2)"/>
        <line number="128" hits="0" branch="false"/>
        <line number="129" hits="0" branch="true" condition-coverage="0% (0/2)"/>
        <line number="130" hits="0" branch="false"/>
        <line number="134" hits="0" branch="false"/>
        <line number="136" hits="0" branch="true" condition-coverage="0% (0/2)"/>
        <line number="137" hits="0" branch="false"/>
        <line number="138" hits="0" branch="true" condition-coverage="0% (0/2)"/>
        <line number="139" hits="0" branch="false"/>
        <line number="143" hits="0" branch="false"/>
        <line number="149" hits="0" branch="false"/>
        <line number="156" hits="0" branch="false"/>
        <line number="158" hits="0" branch="false"/>
        <line number="159" hits="0" branch="false"/>
        <line number="161" hits="0" branch="true" condition-coverage="0% (0/4)"/>
        <line number="163" hits="0" branch="false"/>
        <line number="164" hits="0" branch="true" condition-coverage="0% (0/4)"/>
        <line number="165" hits="0" branch="true" condition-coverage="0% (0/2)"/>
        <line number="168" hits="0" branch="false"/>
        <line number="169" hits="0" branch="true" condition-coverage="0% (0/2)"/>
        <line number="178" hits="0" branch="false"/>
        <line number="182" hits="0" branch="false"/>
        <line number="192" hits="0" branch="false"/>
        <line number="197" hits="0" branch="false"/>
        <line number="199" hits="0" branch="false"/>
        <line number="202" hits="0" branch="false"/>
        <line number="205" hits="0" branch="true" condition-coverage="0% (0/2)"/>
        <line number="209" hits="0" branch="false"/>
        <line number="210" hits="0" branch="false"/>
        <line number="214" hits="0" branch="false"/>
        <line number="215" hits="0" branch="false"/>
        <line number="219" hits="0" branch="false"/>
        <line number="221" hits="0" branch="false"/>
        <line number="222" hits="0" branch="false"/>
        <line number="226" hits="0" branch="false"/>
        <line number="227" hits="0" branch="false"/>
        <line number="229" hits="0" branch="false"/>
        <line number="233" hits="0" branch="false"/>
        <line number="234" hits="0" branch="false"/>
        <line number="235" hits="0" branch="false"/>
        <line number="240" hits="0" branch="false"/>
        <line number="241" hits="0" branch="false"/>
      </lines>
    </class>
  </packages>
</coverage>
