{"C:\\Users\\dworthen\\Source\\Repos\\ts-model\\src\\Registers.ts": {"path":"C:\\Users\\dworthen\\Source\\Repos\\ts-model\\src\\Registers.ts","statementMap":{"0":{"start":{"line":3,"column":33},"end":{"line":3,"column":40}},"1":{"start":{"line":4,"column":32},"end":{"line":4,"column":39}},"2":{"start":{"line":29,"column":4},"end":{"line":38,"column":1}},"3":{"start":{"line":30,"column":8},"end":{"line":37,"column":5}},"4":{"start":{"line":31,"column":12},"end":{"line":32,"column":12}},"5":{"start":{"line":32,"column":12},"end":{"line":36,"column":9}},"6":{"start":{"line":41,"column":15},"end":{"line":41,"column":50}},"7":{"start":{"line":42,"column":12},"end":{"line":42,"column":30}},"8":{"start":{"line":43,"column":4},"end":{"line":46,"column":1}},"9":{"start":{"line":44,"column":38},"end":{"line":44,"column":61}},"10":{"start":{"line":49,"column":4},"end":{"line":58,"column":1}},"11":{"start":{"line":50,"column":8},"end":{"line":57,"column":5}},"12":{"start":{"line":51,"column":12},"end":{"line":52,"column":12}},"13":{"start":{"line":52,"column":12},"end":{"line":56,"column":9}},"14":{"start":{"line":61,"column":15},"end":{"line":61,"column":51}},"15":{"start":{"line":62,"column":12},"end":{"line":62,"column":30}},"16":{"start":{"line":63,"column":4},"end":{"line":66,"column":1}},"17":{"start":{"line":64,"column":38},"end":{"line":64,"column":61}},"18":{"start":{"line":69,"column":17},"end":{"line":91,"column":7}},"19":{"start":{"line":70,"column":8},"end":{"line":71,"column":8}},"20":{"start":{"line":71,"column":69},"end":{"line":71,"column":101}},"21":{"start":{"line":72,"column":8},"end":{"line":87,"column":8}},"22":{"start":{"line":72,"column":16},"end":{"line":72,"column":34}},"23":{"start":{"line":72,"column":17},"end":{"line":72,"column":21}},"24":{"start":{"line":72,"column":23},"end":{"line":72,"column":25}},"25":{"start":{"line":72,"column":27},"end":{"line":72,"column":33}},"26":{"start":{"line":73,"column":12},"end":{"line":86,"column":9}},"27":{"start":{"line":74,"column":22},"end":{"line":74,"column":34}},"28":{"start":{"line":75,"column":20},"end":{"line":75,"column":98}},"29":{"start":{"line":75,"column":24},"end":{"line":75,"column":46}},"30":{"start":{"line":76,"column":28},"end":{"line":78,"column":22}},"31":{"start":{"line":79,"column":16},"end":{"line":85,"column":13}},"32":{"start":{"line":87,"column":8},"end":{"line":90,"column":8}},"33":{"start":{"line":88,"column":12},"end":{"line":89,"column":9}},"34":{"start":{"line":90,"column":8},"end":{"line":91,"column":5}},"35":{"start":{"line":92,"column":4},"end":{"line":93,"column":1}},"36":{"start":{"line":95,"column":78},"end":{"line":95,"column":60}},"37":{"start":{"line":95,"column":78},"end":{"line":96,"column":4}},"38":{"start":{"line":95,"column":61},"end":{"line":95,"column":78}},"39":{"start":{"line":96,"column":4},"end":{"line":105,"column":1}},"40":{"start":{"line":98,"column":21},"end":{"line":98,"column":30}},"41":{"start":{"line":99,"column":8},"end":{"line":103,"column":8}},"42":{"start":{"line":100,"column":24},"end":{"line":100,"column":29}},"43":{"start":{"line":101,"column":12},"end":{"line":102,"column":9}},"44":{"start":{"line":103,"column":8},"end":{"line":104,"column":5}},"45":{"start":{"line":108,"column":19},"end":{"line":108,"column":46}},"46":{"start":{"line":109,"column":24},"end":{"line":109,"column":73}},"47":{"start":{"line":110,"column":15},"end":{"line":110,"column":31}},"48":{"start":{"line":112,"column":23},"end":{"line":112,"column":39}},"49":{"start":{"line":114,"column":4},"end":{"line":118,"column":4}},"50":{"start":{"line":115,"column":8},"end":{"line":116,"column":5}},"51":{"start":{"line":118,"column":39},"end":{"line":120,"column":3}},"52":{"start":{"line":120,"column":4},"end":{"line":149,"column":4}},"53":{"start":{"line":120,"column":12},"end":{"line":120,"column":15}},"54":{"start":{"line":121,"column":12},"end":{"line":121,"column":86}},"55":{"start":{"line":121,"column":16},"end":{"line":121,"column":25}},"56":{"start":{"line":123,"column":8},"end":{"line":147,"column":5}},"57":{"start":{"line":124,"column":16},"end":{"line":124,"column":57}},"58":{"start":{"line":124,"column":17},"end":{"line":124,"column":23}},"59":{"start":{"line":124,"column":25},"end":{"line":124,"column":31}},"60":{"start":{"line":125,"column":12},"end":{"line":126,"column":9}},"61":{"start":{"line":127,"column":12},"end":{"line":146,"column":9}},"62":{"start":{"line":128,"column":27},"end":{"line":128,"column":67}},"63":{"start":{"line":129,"column":16},"end":{"line":136,"column":13}},"64":{"start":{"line":130,"column":20},"end":{"line":131,"column":17}},"65":{"start":{"line":134,"column":20},"end":{"line":135,"column":17}},"66":{"start":{"line":136,"column":19},"end":{"line":146,"column":9}},"67":{"start":{"line":137,"column":27},"end":{"line":137,"column":90}},"68":{"start":{"line":138,"column":16},"end":{"line":145,"column":13}},"69":{"start":{"line":139,"column":20},"end":{"line":140,"column":17}},"70":{"start":{"line":143,"column":20},"end":{"line":144,"column":17}},"71":{"start":{"line":149,"column":4},"end":{"line":150,"column":1}},"72":{"start":{"line":156,"column":13},"end":{"line":156,"column":52}},"73":{"start":{"line":158,"column":13},"end":{"line":158,"column":100}},"74":{"start":{"line":159,"column":13},"end":{"line":159,"column":98}},"75":{"start":{"line":161,"column":13},"end":{"line":161,"column":20}},"76":{"start":{"line":161,"column":96},"end":{"line":161,"column":126}},"77":{"start":{"line":161,"column":128},"end":{"line":161,"column":142}},"78":{"start":{"line":163,"column":14},"end":{"line":163,"column":21}},"79":{"start":{"line":164,"column":4},"end":{"line":164,"column":49}},"80":{"start":{"line":164,"column":42},"end":{"line":164,"column":49}},"81":{"start":{"line":165,"column":4},"end":{"line":165,"column":32}},"82":{"start":{"line":168,"column":13},"end":{"line":168,"column":24}},"83":{"start":{"line":169,"column":4},"end":{"line":169,"column":66}},"84":{"start":{"line":178,"column":0},"end":{"line":null,"column":-1}},"85":{"start":{"line":192,"column":11},"end":{"line":192,"column":25}},"86":{"start":{"line":192,"column":4},"end":{"line":192,"column":28}},"87":{"start":{"line":182,"column":8},"end":{"line":182,"column":48}},"88":{"start":{"line":197,"column":0},"end":{"line":197,"column":1}},"89":{"start":{"line":199,"column":0},"end":{"line":199,"column":17}},"90":{"start":{"line":199,"column":17},"end":{"line":199,"column":23}},"91":{"start":{"line":205,"column":8},"end":{"line":206,"column":5}},"92":{"start":{"line":202,"column":11},"end":{"line":202,"column":26}},"93":{"start":{"line":221,"column":11},"end":{"line":223,"column":5}},"94":{"start":{"line":222,"column":8},"end":{"line":222,"column":15}},"95":{"start":{"line":209,"column":4},"end":{"line":211,"column":5}},"96":{"start":{"line":210,"column":8},"end":{"line":210,"column":20}},"97":{"start":{"line":214,"column":4},"end":{"line":216,"column":5}},"98":{"start":{"line":215,"column":8},"end":{"line":215,"column":15}},"99":{"start":{"line":226,"column":11},"end":{"line":228,"column":5}},"100":{"start":{"line":227,"column":8},"end":{"line":227,"column":23}},"101":{"start":{"line":202,"column":4},"end":{"line":202,"column":34}},"102":{"start":{"line":221,"column":4},"end":{"line":223,"column":5}},"103":{"start":{"line":219,"column":8},"end":{"line":219,"column":29}},"104":{"start":{"line":226,"column":4},"end":{"line":228,"column":5}},"105":{"start":{"line":229,"column":0},"end":{"line":229,"column":1}},"106":{"start":{"line":233,"column":8},"end":{"line":233,"column":12}},"107":{"start":{"line":234,"column":4},"end":{"line":234,"column":35}},"108":{"start":{"line":234,"column":5},"end":{"line":234,"column":12}},"109":{"start":{"line":234,"column":14},"end":{"line":234,"column":20}},"110":{"start":{"line":235,"column":0},"end":{"line":235,"column":21}},"111":{"start":{"line":240,"column":0},"end":{"line":240,"column":27}},"112":{"start":{"line":241,"column":0},"end":{"line":241,"column":34}}},"fnMap":{"0":{"name":"registerMetaData","decl":{"start":{"line":24,"column":1},"end":{"line":28,"column":35}},"loc":{"start":{"line":28,"column":36},"end":{"line":38,"column":1}}},"1":{"name":"(anonymous_9)","decl":{"start":{"line":29,"column":11},"end":{"line":29,"column":10}},"loc":{"start":{"line":29,"column":11},"end":{"line":37,"column":5}}},"2":{"name":"(anonymous_10)","decl":{"start":{"line":30,"column":15},"end":{"line":30,"column":15}},"loc":{"start":{"line":30,"column":24},"end":{"line":36,"column":9}}},"3":{"name":"getMetaData","decl":{"start":{"line":38,"column":1},"end":{"line":40,"column":27}},"loc":{"start":{"line":40,"column":59},"end":{"line":46,"column":1}}},"4":{"name":"(anonymous_12)","decl":{"start":{"line":44,"column":19},"end":{"line":44,"column":19}},"loc":{"start":{"line":44,"column":20},"end":{"line":44,"column":61}}},"5":{"name":"registerValidator","decl":{"start":{"line":46,"column":1},"end":{"line":48,"column":36}},"loc":{"start":{"line":48,"column":51},"end":{"line":58,"column":1}}},"6":{"name":"(anonymous_14)","decl":{"start":{"line":49,"column":11},"end":{"line":49,"column":11}},"loc":{"start":{"line":49,"column":12},"end":{"line":57,"column":5}}},"7":{"name":"(anonymous_15)","decl":{"start":{"line":50,"column":15},"end":{"line":50,"column":15}},"loc":{"start":{"line":50,"column":24},"end":{"line":56,"column":9}}},"8":{"name":"getValidators","decl":{"start":{"line":58,"column":1},"end":{"line":60,"column":29}},"loc":{"start":{"line":60,"column":61},"end":{"line":66,"column":1}}},"9":{"name":"(anonymous_17)","decl":{"start":{"line":64,"column":19},"end":{"line":64,"column":19}},"loc":{"start":{"line":64,"column":20},"end":{"line":64,"column":61}}},"10":{"name":"validate","decl":{"start":{"line":66,"column":1},"end":{"line":68,"column":24}},"loc":{"start":{"line":68,"column":25},"end":{"line":93,"column":1}}},"11":{"name":"(anonymous_19)","decl":{"start":{"line":69,"column":76},"end":{"line":69,"column":76}},"loc":{"start":{"line":69,"column":134},"end":{"line":91,"column":5}}},"12":{"name":"errorTemplate","decl":{"start":{"line":93,"column":1},"end":{"line":95,"column":29}},"loc":{"start":{"line":95,"column":30},"end":{"line":105,"column":1}}},"13":{"name":"(anonymous_21)","decl":{"start":{"line":96,"column":12},"end":{"line":96,"column":12}},"loc":{"start":{"line":96,"column":13},"end":{"line":104,"column":5}}},"14":{"name":"(anonymous_22)","decl":{"start":{"line":99,"column":21},"end":{"line":99,"column":30}},"loc":{"start":{"line":99,"column":36},"end":{"line":102,"column":9}}},"15":{"name":"toJSON","decl":{"start":{"line":105,"column":1},"end":{"line":107,"column":22}},"loc":{"start":{"line":107,"column":23},"end":{"line":150,"column":1}}},"16":{"name":"(anonymous_24)","decl":{"start":{"line":114,"column":23},"end":{"line":114,"column":22}},"loc":{"start":{"line":114,"column":23},"end":{"line":116,"column":5}}},"17":{"name":"fromJSON","decl":{"start":{"line":150,"column":1},"end":{"line":152,"column":24}},"loc":{"start":{"line":154,"column":0},"end":{"line":154,"column":1}}},"18":{"name":"(anonymous_26)","decl":{"start":{"line":161,"column":76},"end":{"line":161,"column":76}},"loc":{"start":{"line":161,"column":95},"end":{"line":161,"column":20}}},"19":{"name":"(anonymous_27)","decl":{"start":{"line":168,"column":58},"end":{"line":168,"column":58}},"loc":{"start":{"line":168,"column":77},"end":{"line":168,"column":24}}},"20":{"name":"(anonymous_28)","decl":{"start":{"line":178,"column":0},"end":{"line":null,"column":-1}},"loc":{"start":{"line":178,"column":0},"end":{"line":null,"column":-1}}},"21":{"name":"Person","decl":{"start":{"line":194,"column":4},"end":{"line":null,"column":-1}},"loc":{"start":{"line":194,"column":4},"end":{"line":195,"column":5}}},"22":{"name":"(anonymous_30)","decl":{"start":{"line":181,"column":10},"end":{"line":181,"column":10}},"loc":{"start":{"line":181,"column":19},"end":{"line":183,"column":5}}},"23":{"name":"(anonymous_31)","decl":{"start":{"line":199,"column":0},"end":{"line":null,"column":-1}},"loc":{"start":{"line":199,"column":0},"end":{"line":199,"column":16}}},"24":{"name":"P2","decl":{"start":{"line":204,"column":4},"end":{"line":null,"column":-1}},"loc":{"start":{"line":204,"column":4},"end":{"line":206,"column":5}}},"25":{"name":"(anonymous_33)","decl":{"start":{"line":221,"column":32},"end":{"line":null,"column":-1}},"loc":{"start":{"line":221,"column":32},"end":{"line":223,"column":5}}},"26":{"name":"(anonymous_34)","decl":{"start":{"line":209,"column":4},"end":{"line":null,"column":-1}},"loc":{"start":{"line":209,"column":4},"end":{"line":211,"column":5}}},"27":{"name":"(anonymous_35)","decl":{"start":{"line":214,"column":4},"end":{"line":null,"column":-1}},"loc":{"start":{"line":214,"column":4},"end":{"line":216,"column":5}}},"28":{"name":"(anonymous_36)","decl":{"start":{"line":226,"column":4},"end":{"line":226,"column":15}},"loc":{"start":{"line":226,"column":16},"end":{"line":228,"column":5}}},"29":{"name":"(anonymous_37)","decl":{"start":{"line":218,"column":10},"end":{"line":218,"column":10}},"loc":{"start":{"line":218,"column":14},"end":{"line":220,"column":5}}}},"branchMap":{"0":{"loc":{"start":{"line":31,"column":46},"end":{"line":31,"column":53}},"type":"binary-expr","locations":[{"start":{"line":31,"column":46},"end":{"line":31,"column":53}},{"start":{"line":31,"column":81},"end":{"line":32,"column":11}}]},"1":{"loc":{"start":{"line":33,"column":17},"end":{"line":33,"column":49}},"type":"binary-expr","locations":[{"start":{"line":33,"column":17},"end":{"line":33,"column":49}},{"start":{"line":33,"column":62},"end":{"line":33,"column":65}}]},"2":{"loc":{"start":{"line":41,"column":15},"end":{"line":41,"column":22}},"type":"binary-expr","locations":[{"start":{"line":41,"column":15},"end":{"line":41,"column":22}},{"start":{"line":41,"column":50},"end":{"line":42,"column":3}}]},"3":{"loc":{"start":{"line":42,"column":12},"end":{"line":42,"column":17}},"type":"binary-expr","locations":[{"start":{"line":42,"column":12},"end":{"line":42,"column":17}},{"start":{"line":42,"column":30},"end":{"line":43,"column":3}}]},"4":{"loc":{"start":{"line":44,"column":10},"end":{"line":44,"column":61}},"type":"cond-expr","locations":[{"start":{"line":44,"column":10},"end":{"line":44,"column":61}},{"start":{"line":45,"column":10},"end":{"line":46,"column":0}}]},"5":{"loc":{"start":{"line":44,"column":40},"end":{"line":44,"column":42}},"type":"binary-expr","locations":[{"start":{"line":44,"column":40},"end":{"line":44,"column":42}},{"start":{"line":44,"column":48},"end":{"line":44,"column":37}}]},"6":{"loc":{"start":{"line":51,"column":47},"end":{"line":51,"column":54}},"type":"binary-expr","locations":[{"start":{"line":51,"column":47},"end":{"line":51,"column":54}},{"start":{"line":51,"column":83},"end":{"line":52,"column":11}}]},"7":{"loc":{"start":{"line":53,"column":17},"end":{"line":53,"column":50}},"type":"binary-expr","locations":[{"start":{"line":53,"column":17},"end":{"line":53,"column":50}},{"start":{"line":53,"column":63},"end":{"line":53,"column":66}}]},"8":{"loc":{"start":{"line":54,"column":38},"end":{"line":54,"column":47}},"type":"binary-expr","locations":[{"start":{"line":54,"column":38},"end":{"line":54,"column":47}},{"start":{"line":54,"column":48},"end":{"line":56,"column":8}}]},"9":{"loc":{"start":{"line":61,"column":15},"end":{"line":61,"column":22}},"type":"binary-expr","locations":[{"start":{"line":61,"column":15},"end":{"line":61,"column":22}},{"start":{"line":61,"column":51},"end":{"line":62,"column":3}}]},"10":{"loc":{"start":{"line":62,"column":12},"end":{"line":62,"column":17}},"type":"binary-expr","locations":[{"start":{"line":62,"column":12},"end":{"line":62,"column":17}},{"start":{"line":62,"column":30},"end":{"line":63,"column":3}}]},"11":{"loc":{"start":{"line":64,"column":10},"end":{"line":64,"column":61}},"type":"cond-expr","locations":[{"start":{"line":64,"column":10},"end":{"line":64,"column":61}},{"start":{"line":65,"column":10},"end":{"line":66,"column":0}}]},"12":{"loc":{"start":{"line":64,"column":40},"end":{"line":64,"column":42}},"type":"binary-expr","locations":[{"start":{"line":64,"column":40},"end":{"line":64,"column":42}},{"start":{"line":64,"column":48},"end":{"line":64,"column":37}}]},"13":{"loc":{"start":{"line":69,"column":29},"end":{"line":69,"column":36}},"type":"binary-expr","locations":[{"start":{"line":69,"column":29},"end":{"line":69,"column":36}},{"start":{"line":69,"column":65},"end":{"line":69,"column":68}}]},"14":{"loc":{"start":{"line":73,"column":12},"end":{"line":86,"column":9}},"type":"if","locations":[{"start":{"line":73,"column":12},"end":{"line":86,"column":9}},{"start":{"line":73,"column":12},"end":{"line":86,"column":9}}]},"15":{"loc":{"start":{"line":75,"column":20},"end":{"line":75,"column":97}},"type":"binary-expr","locations":[{"start":{"line":75,"column":20},"end":{"line":75,"column":97}},{"start":{"line":75,"column":98},"end":{"line":75,"column":23}}]},"16":{"loc":{"start":{"line":75,"column":24},"end":{"line":75,"column":45}},"type":"cond-expr","locations":[{"start":{"line":75,"column":24},"end":{"line":75,"column":45}},{"start":{"line":75,"column":46},"end":{"line":76,"column":15}}]},"17":{"loc":{"start":{"line":77,"column":22},"end":{"line":77,"column":81}},"type":"cond-expr","locations":[{"start":{"line":77,"column":22},"end":{"line":77,"column":81}},{"start":{"line":78,"column":22},"end":{"line":79,"column":15}}]},"18":{"loc":{"start":{"line":87,"column":8},"end":{"line":90,"column":8}},"type":"if","locations":[{"start":{"line":87,"column":8},"end":{"line":90,"column":8}},{"start":{"line":87,"column":8},"end":{"line":90,"column":8}}]},"19":{"loc":{"start":{"line":121,"column":12},"end":{"line":121,"column":85}},"type":"binary-expr","locations":[{"start":{"line":121,"column":12},"end":{"line":121,"column":85}},{"start":{"line":121,"column":12},"end":{"line":121,"column":86}}]},"20":{"loc":{"start":{"line":123,"column":8},"end":{"line":147,"column":5}},"type":"if","locations":[{"start":{"line":123,"column":8},"end":{"line":147,"column":5}},{"start":{"line":123,"column":8},"end":{"line":147,"column":5}}]},"21":{"loc":{"start":{"line":127,"column":12},"end":{"line":146,"column":9}},"type":"if","locations":[{"start":{"line":127,"column":12},"end":{"line":146,"column":9}},{"start":{"line":127,"column":12},"end":{"line":146,"column":9}}]},"22":{"loc":{"start":{"line":129,"column":16},"end":{"line":136,"column":13}},"type":"if","locations":[{"start":{"line":129,"column":16},"end":{"line":136,"column":13}},{"start":{"line":129,"column":16},"end":{"line":136,"column":13}}]},"23":{"loc":{"start":{"line":136,"column":19},"end":{"line":146,"column":9}},"type":"if","locations":[{"start":{"line":136,"column":19},"end":{"line":146,"column":9}},{"start":{"line":136,"column":19},"end":{"line":146,"column":9}}]},"24":{"loc":{"start":{"line":138,"column":16},"end":{"line":145,"column":13}},"type":"if","locations":[{"start":{"line":138,"column":16},"end":{"line":145,"column":13}},{"start":{"line":138,"column":16},"end":{"line":145,"column":13}}]},"25":{"loc":{"start":{"line":161,"column":96},"end":{"line":161,"column":125}},"type":"cond-expr","locations":[{"start":{"line":161,"column":96},"end":{"line":161,"column":125}},{"start":{"line":161,"column":126},"end":{"line":161,"column":127}}]},"26":{"loc":{"start":{"line":161,"column":128},"end":{"line":161,"column":141}},"type":"cond-expr","locations":[{"start":{"line":161,"column":128},"end":{"line":161,"column":141}},{"start":{"line":161,"column":142},"end":{"line":null,"column":-1}}]},"27":{"loc":{"start":{"line":164,"column":4},"end":{"line":164,"column":49}},"type":"if","locations":[{"start":{"line":164,"column":4},"end":{"line":164,"column":49}},{"start":{"line":164,"column":4},"end":{"line":164,"column":49}}]},"28":{"loc":{"start":{"line":164,"column":7},"end":{"line":164,"column":15}},"type":"binary-expr","locations":[{"start":{"line":164,"column":7},"end":{"line":164,"column":15}},{"start":{"line":164,"column":28},"end":{"line":164,"column":36}}]},"29":{"loc":{"start":{"line":165,"column":11},"end":{"line":165,"column":18}},"type":"binary-expr","locations":[{"start":{"line":165,"column":11},"end":{"line":165,"column":18}},{"start":{"line":165,"column":25},"end":{"line":165,"column":32}}]},"30":{"loc":{"start":{"line":169,"column":11},"end":{"line":169,"column":32}},"type":"binary-expr","locations":[{"start":{"line":169,"column":11},"end":{"line":169,"column":32}},{"start":{"line":169,"column":45},"end":{"line":169,"column":66}}]},"31":{"loc":{"start":{"line":187,"column":22},"end":{"line":187,"column":34}},"type":"binary-expr","locations":[{"start":{"line":187,"column":22},"end":{"line":187,"column":34}},{"start":{"line":187,"column":22},"end":{"line":187,"column":96}}]},"32":{"loc":{"start":{"line":205,"column":8},"end":{"line":205,"column":15}},"type":"binary-expr","locations":[{"start":{"line":205,"column":8},"end":{"line":205,"column":15}},{"start":{"line":206,"column":5},"end":{"line":null,"column":-1}}]}},"s":{"0":0,"1":0,"2":0,"3":0,"4":0,"5":0,"6":0,"7":0,"8":0,"9":0,"10":0,"11":0,"12":0,"13":0,"14":0,"15":0,"16":0,"17":0,"18":0,"19":0,"20":0,"21":0,"22":0,"23":0,"24":0,"25":0,"26":0,"27":0,"28":0,"29":0,"30":0,"31":0,"32":0,"33":0,"34":0,"35":0,"36":0,"37":0,"38":0,"39":0,"40":0,"41":0,"42":0,"43":0,"44":0,"45":0,"46":0,"47":0,"48":0,"49":0,"50":0,"51":0,"52":0,"53":0,"54":0,"55":0,"56":0,"57":0,"58":0,"59":0,"60":0,"61":0,"62":0,"63":0,"64":0,"65":0,"66":0,"67":0,"68":0,"69":0,"70":0,"71":0,"72":0,"73":0,"74":0,"75":0,"76":0,"77":0,"78":0,"79":0,"80":0,"81":0,"82":0,"83":0,"84":0,"85":0,"86":0,"87":0,"88":0,"89":0,"90":0,"91":0,"92":0,"93":0,"94":0,"95":0,"96":0,"97":0,"98":0,"99":0,"100":0,"101":0,"102":0,"103":0,"104":0,"105":0,"106":0,"107":0,"108":0,"109":0,"110":0,"111":0,"112":0},"f":{"0":0,"1":0,"2":0,"3":0,"4":0,"5":0,"6":0,"7":0,"8":0,"9":0,"10":0,"11":0,"12":0,"13":0,"14":0,"15":0,"16":0,"17":0,"18":0,"19":0,"20":0,"21":0,"22":0,"23":0,"24":0,"25":0,"26":0,"27":0,"28":0,"29":0},"b":{"0":[0,0],"1":[0,0],"2":[0,0],"3":[0,0],"4":[0,0],"5":[0,0],"6":[0,0],"7":[0,0],"8":[0,0],"9":[0,0],"10":[0,0],"11":[0,0],"12":[0,0],"13":[0,0],"14":[0,0],"15":[0,0],"16":[0,0],"17":[0,0],"18":[0,0],"19":[0,0],"20":[0,0],"21":[0,0],"22":[0,0],"23":[0,0],"24":[0,0],"25":[0,0],"26":[0,0],"27":[0,0],"28":[0,0],"29":[0,0],"30":[0,0],"31":[0,0],"32":[0,0]}}
}
