TN:
SF:C:\Users\dworthen\Source\Repos\ts-model\src\Registers.ts
FN:24,registerMetaData
FN:29,(anonymous_9)
FN:30,(anonymous_10)
FN:38,getMetaData
FN:44,(anonymous_12)
FN:46,registerValidator
FN:49,(anonymous_14)
FN:50,(anonymous_15)
FN:58,getValidators
FN:64,(anonymous_17)
FN:66,validate
FN:69,(anonymous_19)
FN:93,errorTemplate
FN:96,(anonymous_21)
FN:99,(anonymous_22)
FN:105,toJSON
FN:114,(anonymous_24)
FN:150,fromJSON
FN:161,(anonymous_26)
FN:168,(anonymous_27)
FN:178,(anonymous_28)
FN:194,Person
FN:181,(anonymous_30)
FN:199,(anonymous_31)
FN:204,P2
FN:221,(anonymous_33)
FN:209,(anonymous_34)
FN:214,(anonymous_35)
FN:226,(anonymous_36)
FN:218,(anonymous_37)
FNF:30
FNH:0
FNDA:0,registerMetaData
FNDA:0,(anonymous_9)
FNDA:0,(anonymous_10)
FNDA:0,getMetaData
FNDA:0,(anonymous_12)
FNDA:0,registerValidator
FNDA:0,(anonymous_14)
FNDA:0,(anonymous_15)
FNDA:0,getValidators
FNDA:0,(anonymous_17)
FNDA:0,validate
FNDA:0,(anonymous_19)
FNDA:0,errorTemplate
FNDA:0,(anonymous_21)
FNDA:0,(anonymous_22)
FNDA:0,toJSON
FNDA:0,(anonymous_24)
FNDA:0,fromJSON
FNDA:0,(anonymous_26)
FNDA:0,(anonymous_27)
FNDA:0,(anonymous_28)
FNDA:0,Person
FNDA:0,(anonymous_30)
FNDA:0,(anonymous_31)
FNDA:0,P2
FNDA:0,(anonymous_33)
FNDA:0,(anonymous_34)
FNDA:0,(anonymous_35)
FNDA:0,(anonymous_36)
FNDA:0,(anonymous_37)
DA:3,0
DA:4,0
DA:29,0
DA:30,0
DA:31,0
DA:32,0
DA:41,0
DA:42,0
DA:43,0
DA:44,0
DA:49,0
DA:50,0
DA:51,0
DA:52,0
DA:61,0
DA:62,0
DA:63,0
DA:64,0
DA:69,0
DA:70,0
DA:71,0
DA:72,0
DA:73,0
DA:74,0
DA:75,0
DA:76,0
DA:79,0
DA:87,0
DA:88,0
DA:90,0
DA:92,0
DA:95,0
DA:96,0
DA:98,0
DA:99,0
DA:100,0
DA:101,0
DA:103,0
DA:108,0
DA:109,0
DA:110,0
DA:112,0
DA:114,0
DA:115,0
DA:118,0
DA:120,0
DA:121,0
DA:123,0
DA:124,0
DA:125,0
DA:127,0
DA:128,0
DA:129,0
DA:130,0
DA:134,0
DA:136,0
DA:137,0
DA:138,0
DA:139,0
DA:143,0
DA:149,0
DA:156,0
DA:158,0
DA:159,0
DA:161,0
DA:163,0
DA:164,0
DA:165,0
DA:168,0
DA:169,0
DA:178,0
DA:182,0
DA:192,0
DA:197,0
DA:199,0
DA:202,0
DA:205,0
DA:209,0
DA:210,0
DA:214,0
DA:215,0
DA:219,0
DA:221,0
DA:222,0
DA:226,0
DA:227,0
DA:229,0
DA:233,0
DA:234,0
DA:235,0
DA:240,0
DA:241,0
LF:92
LH:0
BRDA:31,0,0,0
BRDA:31,0,1,0
BRDA:33,1,0,0
BRDA:33,1,1,0
BRDA:41,2,0,0
BRDA:41,2,1,0
BRDA:42,3,0,0
BRDA:42,3,1,0
BRDA:44,4,0,0
BRDA:44,4,1,0
BRDA:44,5,0,0
BRDA:44,5,1,0
BRDA:51,6,0,0
BRDA:51,6,1,0
BRDA:53,7,0,0
BRDA:53,7,1,0
BRDA:54,8,0,0
BRDA:54,8,1,0
BRDA:61,9,0,0
BRDA:61,9,1,0
BRDA:62,10,0,0
BRDA:62,10,1,0
BRDA:64,11,0,0
BRDA:64,11,1,0
BRDA:64,12,0,0
BRDA:64,12,1,0
BRDA:69,13,0,0
BRDA:69,13,1,0
BRDA:73,14,0,0
BRDA:73,14,1,0
BRDA:75,15,0,0
BRDA:75,15,1,0
BRDA:75,16,0,0
BRDA:75,16,1,0
BRDA:77,17,0,0
BRDA:77,17,1,0
BRDA:87,18,0,0
BRDA:87,18,1,0
BRDA:121,19,0,0
BRDA:121,19,1,0
BRDA:123,20,0,0
BRDA:123,20,1,0
BRDA:127,21,0,0
BRDA:127,21,1,0
BRDA:129,22,0,0
BRDA:129,22,1,0
BRDA:136,23,0,0
BRDA:136,23,1,0
BRDA:138,24,0,0
BRDA:138,24,1,0
BRDA:161,25,0,0
BRDA:161,25,1,0
BRDA:161,26,0,0
BRDA:161,26,1,0
BRDA:164,27,0,0
BRDA:164,27,1,0
BRDA:164,28,0,0
BRDA:164,28,1,0
BRDA:165,29,0,0
BRDA:165,29,1,0
BRDA:169,30,0,0
BRDA:169,30,1,0
BRDA:187,31,0,0
BRDA:187,31,1,0
BRDA:205,32,0,0
BRDA:205,32,1,0
BRF:66
BRH:0
end_of_record
